<?xml version="1.0" encoding="UTF-8"?>
<!-- Generated by org.testng.reporters.JUnitReportReporter -->
<testsuite skipped="0" hostname="Gowtham-PL" name="testNG.SampleTestCase" tests="1" failures="0" timestamp="2023-04-06T13:04:49 IST" time="0.017" errors="0">
  <testcase name="sampleCase" time="0.017" classname="testNG.SampleTestCase"/>
  <system-out/>
</testsuite> <!-- testNG.SampleTestCase -->
