<?xml version="1.0" encoding="UTF-8"?>
<!-- Generated by org.testng.reporters.JUnitReportReporter -->
<testsuite skipped="0" hostname="DESKTOP-U3DFAR1" name="testNG.ParametrizationCase" tests="1" failures="0" timestamp="2023-02-11T20:41:32 IST" time="0.019" errors="0">
  <testcase name="printName" time="0.019" classname="testNG.ParametrizationCase"/>
  <system-out/>
</testsuite> <!-- testNG.ParametrizationCase -->
