<?xml version="1.0" encoding="UTF-8"?>
<!-- Generated by org.testng.reporters.JUnitReportReporter -->
<testsuite skipped="0" hostname="Gowtham-PL" name="testNG.ExecuteTESTmultipleTimes" tests="3" failures="0" timestamp="2023-03-22T00:21:32 IST" time="0.048" errors="0">
  <testcase name="testCase" time="0.016" classname="testNG.ExecuteTESTmultipleTimes"/>
  <system-out/>
  <testcase name="testCase" time="0.032" classname="testNG.ExecuteTESTmultipleTimes"/>
  <system-out/>
  <testcase name="testCase" time="0.000" classname="testNG.ExecuteTESTmultipleTimes"/>
  <system-out/>
</testsuite> <!-- testNG.ExecuteTESTmultipleTimes -->
