<?xml version="1.0" encoding="UTF-8"?>
<!-- Generated by org.testng.reporters.JUnitReportReporter -->
<testsuite skipped="0" hostname="Gowtham-PL" name="testNG.GroupingCase" tests="8" failures="0" timestamp="2023-04-01T22:10:41 IST" time="0.053" errors="0">
  <testcase name="moto2" time="0.003" classname="testNG.GroupingCase"/>
  <system-out/>
  <testcase name="lenovo1" time="0.007" classname="testNG.GroupingCase"/>
  <system-out/>
  <testcase name="apple1" time="0.018" classname="testNG.GroupingCase"/>
  <system-out/>
  <testcase name="moto1" time="0.008" classname="testNG.GroupingCase"/>
  <system-out/>
  <testcase name="apple2" time="0.003" classname="testNG.GroupingCase"/>
  <system-out/>
  <testcase name="vivo1" time="0.007" classname="testNG.GroupingCase"/>
  <system-out/>
  <testcase name="lenovo2" time="0.004" classname="testNG.GroupingCase"/>
  <system-out/>
  <testcase name="vivo2" time="0.003" classname="testNG.GroupingCase"/>
  <system-out/>
</testsuite> <!-- testNG.GroupingCase -->
