<?xml version="1.0" encoding="UTF-8"?>
<!-- Generated by org.testng.reporters.JUnitReportReporter -->
<testsuite skipped="0" hostname="DESKTOP-U3DFAR1" name="testNG.PriorityCase" tests="6" failures="0" timestamp="2023-02-05T00:47:34 IST" time="0.036" errors="0">
  <testcase name="startTheCar" time="0.016" classname="testNG.PriorityCase"/>
  <system-out/>
  <testcase name="playSomeMusic" time="0.003" classname="testNG.PriorityCase"/>
  <system-out/>
  <testcase name="putFristGear" time="0.007" classname="testNG.PriorityCase"/>
  <system-out/>
  <testcase name="putSecondGear" time="0.003" classname="testNG.PriorityCase"/>
  <system-out/>
  <testcase name="putThridGear" time="0.002" classname="testNG.PriorityCase"/>
  <system-out/>
  <testcase name="putFourthGear" time="0.005" classname="testNG.PriorityCase"/>
  <system-out/>
</testsuite> <!-- testNG.PriorityCase -->
