<?xml version="1.0" encoding="UTF-8"?>
<!-- Generated by org.testng.reporters.JUnitReportReporter -->
<testsuite skipped="0" hostname="DESKTOP-U3DFAR1" name="testNG.DependancyCase" tests="3" failures="0" timestamp="2023-02-05T00:47:34 IST" time="0.014" errors="0">
  <testcase name="tenthStandard" time="0.004" classname="testNG.DependancyCase"/>
  <system-out/>
  <testcase name="higherSecondary" time="0.008" classname="testNG.DependancyCase"/>
  <system-out/>
  <testcase name="engineering" time="0.002" classname="testNG.DependancyCase"/>
  <system-out/>
</testsuite> <!-- testNG.DependancyCase -->
