<?xml version="1.0" encoding="UTF-8"?>
<!-- Generated by org.testng.reporters.JUnitReportReporter -->
<testsuite skipped="0" hostname="DESKTOP-U3DFAR1" name="testNG.OpenSearchEngines" tests="2" failures="0" timestamp="2023-02-03T14:22:04 IST" time="17.505" errors="0">
  <testcase name="openBing" time="9.557" classname="testNG.OpenSearchEngines"/>
  <system-out/>
  <testcase name="openGoogle" time="7.948" classname="testNG.OpenSearchEngines"/>
  <system-out/>
</testsuite> <!-- testNG.OpenSearchEngines -->
