<?xml version="1.0" encoding="UTF-8"?>
<!-- Generated by org.testng.reporters.JUnitReportReporter -->
<testsuite skipped="0" hostname="Gowtham-PL" name="testNG.AnootationsHierarchyExample" tests="3" failures="0" timestamp="2023-04-01T21:15:49 IST" time="0.063" errors="0">
  <testcase name="test2" time="0.000" classname="testNG.AnootationsHierarchyExample"/>
  <system-out/>
  <testcase name="test5" time="0.016" classname="testNG.AnootationsHierarchyExample"/>
  <system-out/>
  <testcase name="test" time="0.047" classname="testNG.AnootationsHierarchyExample"/>
  <system-out/>
</testsuite> <!-- testNG.AnootationsHierarchyExample -->
