<?xml version="1.0" encoding="UTF-8"?>
<!-- Generated by org.testng.reporters.JUnitReportReporter -->
<testsuite skipped="0" hostname="Gowtham-PL" name="testNG.ExpectedException" tests="1" failures="0" timestamp="2023-04-01T21:23:37 IST" time="2.062" errors="0">
  <testcase name="testCase" time="2.062" classname="testNG.ExpectedException"/>
  <system-out/>
</testsuite> <!-- testNG.ExpectedException -->
